<?xml version="1.0" encoding="UTF-8"?>
<testng-results ignored="0" total="1" passed="1" failed="0" skipped="0">
  <reporter-output>
  </reporter-output>
  <suite started-at="2025-02-10T16:29:45 IST" name="Surefire suite" finished-at="2025-02-10T16:29:54 IST" duration-ms="9127">
    <groups>
    </groups>
    <test started-at="2025-02-10T16:29:45 IST" name="Surefire test" finished-at="2025-02-10T16:29:54 IST" duration-ms="9127">
      <class name="maven_appium_testing.CalculatorTest">
        <test-method signature="testAddition()" started-at="2025-02-10T16:29:45 IST" name="testAddition" finished-at="2025-02-10T16:29:54 IST" duration-ms="9085" status="PASS">
          <reporter-output>
          </reporter-output>
        </test-method> <!-- testAddition -->
      </class> <!-- maven_appium_testing.CalculatorTest -->
    </test> <!-- Surefire test -->
  </suite> <!-- Surefire suite -->
</testng-results>
